mode: set
github.com/imperatorofdwelling/Website-backend/cmd/app/main.go:8.13,12.2 3 0
github.com/imperatorofdwelling/Website-backend/cmd/migrator/main.go:15.13,32.16 5 0
github.com/imperatorofdwelling/Website-backend/cmd/migrator/main.go:32.16,34.3 1 0
github.com/imperatorofdwelling/Website-backend/cmd/migrator/main.go:35.2,35.31 1 0
github.com/imperatorofdwelling/Website-backend/cmd/migrator/main.go:35.31,36.42 1 0
github.com/imperatorofdwelling/Website-backend/cmd/migrator/main.go:36.42,39.4 2 0
github.com/imperatorofdwelling/Website-backend/cmd/migrator/main.go:40.3,40.17 1 0
github.com/imperatorofdwelling/Website-backend/cmd/migrator/main.go:42.2,42.48 1 0
github.com/imperatorofdwelling/Website-backend/internal/endpoints/payload.go:43.37,44.20 1 0
github.com/imperatorofdwelling/Website-backend/internal/endpoints/payload.go:44.20,46.3 1 0
github.com/imperatorofdwelling/Website-backend/internal/endpoints/payload.go:47.2,47.21 1 0
github.com/imperatorofdwelling/Website-backend/internal/endpoints/payload.go:47.21,49.3 1 0
github.com/imperatorofdwelling/Website-backend/internal/endpoints/payload.go:50.2,50.50 1 0
github.com/imperatorofdwelling/Website-backend/internal/endpoints/payload.go:50.50,52.3 1 0
github.com/imperatorofdwelling/Website-backend/internal/endpoints/payload.go:53.2,56.65 3 0
github.com/imperatorofdwelling/Website-backend/internal/endpoints/payload.go:64.87,69.2 1 0
github.com/imperatorofdwelling/Website-backend/internal/endpoints/payload.go:71.75,79.42 5 0
github.com/imperatorofdwelling/Website-backend/internal/endpoints/payload.go:79.42,83.3 3 0
github.com/imperatorofdwelling/Website-backend/internal/endpoints/payload.go:84.2,84.21 1 0
github.com/imperatorofdwelling/Website-backend/internal/endpoints/payload.go:84.21,87.3 2 0
github.com/imperatorofdwelling/Website-backend/internal/endpoints/payload.go:89.2,98.17 6 0
github.com/imperatorofdwelling/Website-backend/internal/endpoints/payload.go:98.17,103.3 3 0
github.com/imperatorofdwelling/Website-backend/internal/endpoints/payload.go:104.2,105.16 2 0
github.com/imperatorofdwelling/Website-backend/internal/endpoints/payload.go:105.16,110.3 3 0
github.com/imperatorofdwelling/Website-backend/internal/endpoints/payload.go:112.2,113.15 2 0
github.com/imperatorofdwelling/Website-backend/internal/endpoints/payload.go:113.15,115.3 1 0
github.com/imperatorofdwelling/Website-backend/internal/endpoints/payload.go:115.8,117.3 1 0
github.com/imperatorofdwelling/Website-backend/internal/endpoints/payload.go:119.2,130.52 4 0
github.com/imperatorofdwelling/Website-backend/internal/endpoints/payload.go:150.50,151.22 1 0
github.com/imperatorofdwelling/Website-backend/internal/endpoints/payload.go:151.22,153.3 1 0
github.com/imperatorofdwelling/Website-backend/internal/endpoints/payload.go:154.2,154.53 1 0
github.com/imperatorofdwelling/Website-backend/internal/endpoints/payload.go:154.53,156.3 1 0
github.com/imperatorofdwelling/Website-backend/internal/endpoints/payload.go:157.2,157.13 1 0
github.com/imperatorofdwelling/Website-backend/internal/endpoints/payload.go:185.75,192.2 2 0
github.com/imperatorofdwelling/Website-backend/internal/endpoints/payload.go:200.118,206.2 1 0
github.com/imperatorofdwelling/Website-backend/internal/endpoints/payload.go:208.74,216.44 5 0
github.com/imperatorofdwelling/Website-backend/internal/endpoints/payload.go:216.44,220.3 3 0
github.com/imperatorofdwelling/Website-backend/internal/endpoints/payload.go:222.2,222.23 1 0
github.com/imperatorofdwelling/Website-backend/internal/endpoints/payload.go:222.23,225.3 2 0
github.com/imperatorofdwelling/Website-backend/internal/endpoints/payload.go:227.2,228.13 2 0
github.com/imperatorofdwelling/Website-backend/internal/endpoints/payload.go:228.13,234.3 3 0
github.com/imperatorofdwelling/Website-backend/internal/endpoints/payload.go:236.2,237.16 2 0
github.com/imperatorofdwelling/Website-backend/internal/endpoints/payload.go:237.16,241.3 3 0
github.com/imperatorofdwelling/Website-backend/internal/endpoints/payload.go:242.2,244.16 3 0
github.com/imperatorofdwelling/Website-backend/internal/endpoints/payload.go:244.16,250.3 3 0
github.com/imperatorofdwelling/Website-backend/internal/endpoints/payload.go:251.2,251.23 1 0
github.com/imperatorofdwelling/Website-backend/internal/endpoints/payload.go:251.23,255.3 3 0
github.com/imperatorofdwelling/Website-backend/internal/endpoints/payload.go:257.2,260.16 3 0
github.com/imperatorofdwelling/Website-backend/internal/endpoints/payload.go:260.16,267.3 3 0
github.com/imperatorofdwelling/Website-backend/internal/endpoints/payload.go:269.2,275.16 4 0
github.com/imperatorofdwelling/Website-backend/internal/endpoints/payload.go:275.16,282.3 3 0
github.com/imperatorofdwelling/Website-backend/internal/endpoints/payload.go:284.2,287.63 2 0
github.com/imperatorofdwelling/Website-backend/internal/endpoints/payload.go:287.63,294.3 3 0
github.com/imperatorofdwelling/Website-backend/internal/endpoints/payload.go:296.2,303.43 5 0
github.com/imperatorofdwelling/Website-backend/internal/endpoints/payload.go:303.44,305.3 0 0
github.com/imperatorofdwelling/Website-backend/internal/endpoints/payload.go:307.2,307.52 1 0
github.com/imperatorofdwelling/Website-backend/internal/endpoints/payload.go:311.91,318.2 2 0
github.com/imperatorofdwelling/Website-backend/internal/endpoints/payload.go:320.73,322.16 2 0
github.com/imperatorofdwelling/Website-backend/internal/endpoints/payload.go:322.16,324.3 1 0
github.com/imperatorofdwelling/Website-backend/internal/endpoints/payload.go:325.2,330.16 2 0
github.com/imperatorofdwelling/Website-backend/internal/endpoints/payload.go:330.16,332.3 1 0
github.com/imperatorofdwelling/Website-backend/internal/endpoints/payload.go:333.2,342.16 7 0
github.com/imperatorofdwelling/Website-backend/internal/endpoints/payload.go:342.16,344.3 1 0
github.com/imperatorofdwelling/Website-backend/internal/endpoints/payload.go:346.2,346.18 1 0
github.com/imperatorofdwelling/Website-backend/internal/endpoints/payload.go:353.31,354.22 1 0
github.com/imperatorofdwelling/Website-backend/internal/endpoints/payload.go:354.22,355.26 1 0
github.com/imperatorofdwelling/Website-backend/internal/endpoints/payload.go:355.26,357.4 1 0
github.com/imperatorofdwelling/Website-backend/internal/endpoints/payload.go:359.2,359.13 1 0
github.com/imperatorofdwelling/Website-backend/internal/endpoints/payment.go:26.68,34.2 1 0
github.com/imperatorofdwelling/Website-backend/internal/endpoints/payment.go:67.70,74.2 2 0
github.com/imperatorofdwelling/Website-backend/internal/endpoints/payment.go:101.54,105.2 1 0
github.com/imperatorofdwelling/Website-backend/internal/endpoints/payment.go:113.111,119.2 1 0
github.com/imperatorofdwelling/Website-backend/internal/endpoints/payment.go:121.74,129.44 5 0
github.com/imperatorofdwelling/Website-backend/internal/endpoints/payment.go:129.44,133.3 3 0
github.com/imperatorofdwelling/Website-backend/internal/endpoints/payment.go:135.2,135.77 1 0
github.com/imperatorofdwelling/Website-backend/internal/endpoints/payment.go:135.77,139.3 3 0
github.com/imperatorofdwelling/Website-backend/internal/endpoints/payment.go:141.2,144.16 3 0
github.com/imperatorofdwelling/Website-backend/internal/endpoints/payment.go:144.16,151.3 3 0
github.com/imperatorofdwelling/Website-backend/internal/endpoints/payment.go:153.2,160.80 4 0
github.com/imperatorofdwelling/Website-backend/internal/endpoints/payment.go:160.80,167.3 3 0
github.com/imperatorofdwelling/Website-backend/internal/endpoints/payment.go:169.2,171.39 2 0
github.com/imperatorofdwelling/Website-backend/internal/endpoints/payment.go:171.39,177.3 3 0
github.com/imperatorofdwelling/Website-backend/internal/endpoints/payment.go:179.2,180.16 2 0
github.com/imperatorofdwelling/Website-backend/internal/endpoints/payment.go:180.16,182.3 1 0
github.com/imperatorofdwelling/Website-backend/internal/endpoints/payment.go:185.2,188.74 3 0
github.com/imperatorofdwelling/Website-backend/internal/endpoints/payment.go:188.74,195.3 3 0
github.com/imperatorofdwelling/Website-backend/internal/endpoints/payment.go:196.2,208.16 8 0
github.com/imperatorofdwelling/Website-backend/internal/endpoints/payment.go:208.16,212.3 3 0
github.com/imperatorofdwelling/Website-backend/internal/endpoints/payment.go:213.2,216.57 2 0
github.com/imperatorofdwelling/Website-backend/internal/endpoints/payment.go:219.62,230.2 3 0
github.com/imperatorofdwelling/Website-backend/internal/endpoints/payment.go:232.75,234.16 2 0
github.com/imperatorofdwelling/Website-backend/internal/endpoints/payment.go:234.16,236.3 1 0
github.com/imperatorofdwelling/Website-backend/internal/endpoints/payment.go:237.2,242.16 2 0
github.com/imperatorofdwelling/Website-backend/internal/endpoints/payment.go:242.16,244.3 1 0
github.com/imperatorofdwelling/Website-backend/internal/endpoints/payment.go:245.2,254.16 7 0
github.com/imperatorofdwelling/Website-backend/internal/endpoints/payment.go:254.16,256.3 1 0
github.com/imperatorofdwelling/Website-backend/internal/endpoints/payment.go:258.2,258.18 1 0
github.com/imperatorofdwelling/Website-backend/config/config.go:23.45,25.16 2 0
github.com/imperatorofdwelling/Website-backend/config/config.go:25.16,27.3 1 0
github.com/imperatorofdwelling/Website-backend/config/config.go:29.2,30.16 2 0
github.com/imperatorofdwelling/Website-backend/config/config.go:30.16,32.3 1 0
github.com/imperatorofdwelling/Website-backend/config/config.go:34.2,35.16 2 0
github.com/imperatorofdwelling/Website-backend/config/config.go:35.16,37.3 1 0
github.com/imperatorofdwelling/Website-backend/config/config.go:39.2,40.16 2 0
github.com/imperatorofdwelling/Website-backend/config/config.go:40.16,42.3 1 0
github.com/imperatorofdwelling/Website-backend/config/config.go:44.2,50.12 2 0
github.com/imperatorofdwelling/Website-backend/config/config.go:53.43,56.16 2 0
github.com/imperatorofdwelling/Website-backend/config/config.go:56.16,58.3 1 0
github.com/imperatorofdwelling/Website-backend/config/config.go:59.2,64.16 4 0
github.com/imperatorofdwelling/Website-backend/config/config.go:64.16,66.3 1 0
github.com/imperatorofdwelling/Website-backend/config/config.go:67.2,68.9 2 0
github.com/imperatorofdwelling/Website-backend/config/config.go:68.9,70.3 1 0
github.com/imperatorofdwelling/Website-backend/config/config.go:73.2,78.11 4 0
github.com/imperatorofdwelling/Website-backend/config/config.go:81.50,83.16 2 0
github.com/imperatorofdwelling/Website-backend/config/config.go:83.16,85.3 1 0
github.com/imperatorofdwelling/Website-backend/config/config.go:87.2,88.16 2 0
github.com/imperatorofdwelling/Website-backend/config/config.go:88.16,90.3 1 0
github.com/imperatorofdwelling/Website-backend/config/config.go:92.2,93.16 2 0
github.com/imperatorofdwelling/Website-backend/config/config.go:93.16,95.3 1 0
github.com/imperatorofdwelling/Website-backend/config/config.go:98.40,99.20 1 0
github.com/imperatorofdwelling/Website-backend/config/config.go:99.20,101.3 1 0
github.com/imperatorofdwelling/Website-backend/config/config.go:102.2,103.12 2 0
github.com/imperatorofdwelling/Website-backend/internal/models/card.go:20.79,26.2 1 0
github.com/imperatorofdwelling/Website-backend/internal/models/card.go:28.47,29.17 1 0
github.com/imperatorofdwelling/Website-backend/internal/models/card.go:29.17,31.3 1 0
github.com/imperatorofdwelling/Website-backend/internal/models/card.go:32.2,32.76 1 0
github.com/imperatorofdwelling/Website-backend/internal/models/card.go:32.76,34.3 1 0
github.com/imperatorofdwelling/Website-backend/internal/models/card.go:35.2,35.13 1 0
github.com/imperatorofdwelling/Website-backend/internal/models/card.go:38.73,39.46 1 0
github.com/imperatorofdwelling/Website-backend/internal/models/card.go:39.46,41.3 1 0
github.com/imperatorofdwelling/Website-backend/internal/models/card.go:42.2,43.49 2 0
github.com/imperatorofdwelling/Website-backend/internal/models/payment.go:36.43,45.2 1 0
github.com/imperatorofdwelling/Website-backend/internal/models/payment.go:47.39,56.2 1 0
github.com/imperatorofdwelling/Website-backend/internal/models/payment.go:58.46,65.2 1 0
github.com/imperatorofdwelling/Website-backend/internal/models/user.go:25.22,30.2 1 0
github.com/imperatorofdwelling/Website-backend/internal/models/user.go:32.32,39.2 1 0
github.com/imperatorofdwelling/Website-backend/internal/metrics/metrics.go:36.54,37.16 1 0
github.com/imperatorofdwelling/Website-backend/internal/metrics/metrics.go:38.27,39.14 1 0
github.com/imperatorofdwelling/Website-backend/internal/metrics/metrics.go:41.2,41.14 1 0
github.com/imperatorofdwelling/Website-backend/internal/metrics/metrics.go:57.13,62.2 1 0
github.com/imperatorofdwelling/Website-backend/internal/metrics/metrics.go:64.68,66.2 1 0
github.com/imperatorofdwelling/Website-backend/internal/server/http/server.go:30.42,38.2 1 0
github.com/imperatorofdwelling/Website-backend/internal/server/http/server.go:44.114,55.2 2 0
github.com/imperatorofdwelling/Website-backend/internal/server/http/server.go:58.106,85.2 12 0
github.com/imperatorofdwelling/Website-backend/internal/server/http/server.go:87.24,90.47 2 0
github.com/imperatorofdwelling/Website-backend/internal/server/http/server.go:90.47,92.3 1 0
github.com/imperatorofdwelling/Website-backend/internal/server/http/server.go:95.37,97.2 1 0
github.com/imperatorofdwelling/Website-backend/pkg/json/json.go:10.41,12.2 1 0
github.com/imperatorofdwelling/Website-backend/pkg/json/json.go:14.60,18.2 3 0
github.com/imperatorofdwelling/Website-backend/pkg/logger/slogpretty/slogpretty.go:27.18,34.2 2 0
github.com/imperatorofdwelling/Website-backend/pkg/logger/slogpretty/slogpretty.go:36.72,39.17 2 0
github.com/imperatorofdwelling/Website-backend/pkg/logger/slogpretty/slogpretty.go:40.23,41.37 1 0
github.com/imperatorofdwelling/Website-backend/pkg/logger/slogpretty/slogpretty.go:42.22,43.34 1 0
github.com/imperatorofdwelling/Website-backend/pkg/logger/slogpretty/slogpretty.go:44.22,45.36 1 0
github.com/imperatorofdwelling/Website-backend/pkg/logger/slogpretty/slogpretty.go:46.23,47.33 1 0
github.com/imperatorofdwelling/Website-backend/pkg/logger/slogpretty/slogpretty.go:50.2,52.33 2 0
github.com/imperatorofdwelling/Website-backend/pkg/logger/slogpretty/slogpretty.go:52.33,56.3 2 0
github.com/imperatorofdwelling/Website-backend/pkg/logger/slogpretty/slogpretty.go:58.2,58.28 1 0
github.com/imperatorofdwelling/Website-backend/pkg/logger/slogpretty/slogpretty.go:58.28,60.3 1 0
github.com/imperatorofdwelling/Website-backend/pkg/logger/slogpretty/slogpretty.go:62.2,65.21 3 0
github.com/imperatorofdwelling/Website-backend/pkg/logger/slogpretty/slogpretty.go:65.21,67.17 2 0
github.com/imperatorofdwelling/Website-backend/pkg/logger/slogpretty/slogpretty.go:67.17,69.4 1 0
github.com/imperatorofdwelling/Website-backend/pkg/logger/slogpretty/slogpretty.go:72.2,82.12 4 0
github.com/imperatorofdwelling/Website-backend/pkg/logger/slogpretty/slogpretty.go:85.67,91.2 1 0
github.com/imperatorofdwelling/Website-backend/pkg/logger/slogpretty/slogpretty.go:93.61,99.2 1 0
github.com/imperatorofdwelling/Website-backend/pkg/logger/logger.go:20.35,22.13 2 0
github.com/imperatorofdwelling/Website-backend/pkg/logger/logger.go:23.16,24.29 1 0
github.com/imperatorofdwelling/Website-backend/pkg/logger/logger.go:25.15,29.4 1 0
github.com/imperatorofdwelling/Website-backend/pkg/logger/logger.go:30.10,31.24 1 0
github.com/imperatorofdwelling/Website-backend/pkg/logger/logger.go:33.2,33.15 1 0
github.com/imperatorofdwelling/Website-backend/pkg/logger/logger.go:36.37,46.2 3 0
github.com/imperatorofdwelling/Website-backend/pkg/repository/redis/connector.go:22.46,26.16 4 0
github.com/imperatorofdwelling/Website-backend/pkg/repository/redis/connector.go:26.16,28.3 1 0
github.com/imperatorofdwelling/Website-backend/pkg/repository/redis/connector.go:29.2,33.8 1 0
github.com/imperatorofdwelling/Website-backend/pkg/repository/redis/connector.go:45.40,66.16 7 0
github.com/imperatorofdwelling/Website-backend/pkg/repository/redis/connector.go:66.16,68.3 1 0
github.com/imperatorofdwelling/Website-backend/pkg/repository/redis/connector.go:70.2,70.19 1 0
github.com/imperatorofdwelling/Website-backend/pkg/repository/redis/connector.go:70.19,76.3 1 0
github.com/imperatorofdwelling/Website-backend/pkg/repository/redis/connector.go:78.2,78.22 1 0
github.com/imperatorofdwelling/Website-backend/pkg/repository/redis/connector.go:78.22,82.3 1 0
github.com/imperatorofdwelling/Website-backend/pkg/repository/redis/connector.go:84.2,86.12 2 0
github.com/imperatorofdwelling/Website-backend/pkg/repository/redis/connector.go:89.46,90.24 1 0
github.com/imperatorofdwelling/Website-backend/pkg/repository/redis/connector.go:90.24,92.3 1 0
github.com/imperatorofdwelling/Website-backend/pkg/repository/redis/connector.go:93.2,93.26 1 0
github.com/imperatorofdwelling/Website-backend/pkg/repository/redis/connector.go:96.25,97.24 1 0
github.com/imperatorofdwelling/Website-backend/pkg/repository/redis/connector.go:97.24,99.3 1 0
github.com/imperatorofdwelling/Website-backend/pkg/repository/redis/connector.go:100.2,102.12 3 0
github.com/imperatorofdwelling/Website-backend/pkg/repository/redis/handler.go:24.51,26.2 1 0
github.com/imperatorofdwelling/Website-backend/pkg/repository/redis/handler.go:38.97,39.46 1 0
github.com/imperatorofdwelling/Website-backend/pkg/repository/redis/handler.go:39.46,41.3 1 0
github.com/imperatorofdwelling/Website-backend/pkg/repository/redis/handler.go:43.2,46.12 4 0
github.com/imperatorofdwelling/Website-backend/pkg/repository/redis/handler.go:51.92,52.47 1 0
github.com/imperatorofdwelling/Website-backend/pkg/repository/redis/handler.go:52.47,54.3 1 0
github.com/imperatorofdwelling/Website-backend/pkg/repository/redis/handler.go:56.2,57.16 2 0
github.com/imperatorofdwelling/Website-backend/pkg/repository/redis/handler.go:57.16,59.3 1 0
github.com/imperatorofdwelling/Website-backend/pkg/repository/redis/handler.go:60.2,64.12 5 0
github.com/imperatorofdwelling/Website-backend/pkg/repository/redis/handler.go:71.118,72.47 1 0
github.com/imperatorofdwelling/Website-backend/pkg/repository/redis/handler.go:72.47,74.3 1 0
github.com/imperatorofdwelling/Website-backend/pkg/repository/redis/handler.go:76.2,79.51 3 0
github.com/imperatorofdwelling/Website-backend/pkg/repository/redis/handler.go:79.51,81.17 2 0
github.com/imperatorofdwelling/Website-backend/pkg/repository/redis/handler.go:81.17,83.4 1 0
github.com/imperatorofdwelling/Website-backend/pkg/repository/redis/handler.go:84.3,85.13 2 0
github.com/imperatorofdwelling/Website-backend/pkg/repository/redis/handler.go:87.2,87.39 1 0
github.com/imperatorofdwelling/Website-backend/pkg/repository/redis/handler.go:87.39,89.3 1 0
github.com/imperatorofdwelling/Website-backend/pkg/repository/redis/handler.go:91.2,91.45 1 0
github.com/imperatorofdwelling/Website-backend/pkg/repository/redis/handler.go:91.45,93.3 1 0
github.com/imperatorofdwelling/Website-backend/pkg/repository/redis/handler.go:94.2,94.26 1 0
github.com/imperatorofdwelling/Website-backend/pkg/repository/redis/handler.go:97.73,100.2 2 0
github.com/imperatorofdwelling/Website-backend/pkg/repository/redis/handler.go:104.57,104.104 1 0
github.com/imperatorofdwelling/Website-backend/pkg/repository/postgres/card.go:20.97,21.14 1 0
github.com/imperatorofdwelling/Website-backend/pkg/repository/postgres/card.go:21.14,23.3 1 0
github.com/imperatorofdwelling/Website-backend/pkg/repository/postgres/card.go:25.2,26.16 2 0
github.com/imperatorofdwelling/Website-backend/pkg/repository/postgres/card.go:26.16,28.3 1 0
github.com/imperatorofdwelling/Website-backend/pkg/repository/postgres/card.go:29.2,36.8 1 0
github.com/imperatorofdwelling/Website-backend/pkg/repository/postgres/card.go:39.73,57.2 4 0
github.com/imperatorofdwelling/Website-backend/pkg/repository/postgres/card.go:59.106,60.31 1 0
github.com/imperatorofdwelling/Website-backend/pkg/repository/postgres/card.go:60.31,62.3 1 0
github.com/imperatorofdwelling/Website-backend/pkg/repository/postgres/card.go:63.2,63.68 1 0
github.com/imperatorofdwelling/Website-backend/pkg/repository/postgres/card.go:63.68,65.3 1 0
github.com/imperatorofdwelling/Website-backend/pkg/repository/postgres/card.go:67.2,71.16 5 0
github.com/imperatorofdwelling/Website-backend/pkg/repository/postgres/card.go:71.16,73.3 1 0
github.com/imperatorofdwelling/Website-backend/pkg/repository/postgres/card.go:74.2,74.52 1 0
github.com/imperatorofdwelling/Website-backend/pkg/repository/postgres/card.go:77.109,78.31 1 0
github.com/imperatorofdwelling/Website-backend/pkg/repository/postgres/card.go:78.31,80.3 1 0
github.com/imperatorofdwelling/Website-backend/pkg/repository/postgres/card.go:81.2,81.68 1 0
github.com/imperatorofdwelling/Website-backend/pkg/repository/postgres/card.go:81.68,83.3 1 0
github.com/imperatorofdwelling/Website-backend/pkg/repository/postgres/card.go:85.2,86.16 2 0
github.com/imperatorofdwelling/Website-backend/pkg/repository/postgres/card.go:86.16,88.3 1 0
github.com/imperatorofdwelling/Website-backend/pkg/repository/postgres/card.go:89.2,89.19 1 0
github.com/imperatorofdwelling/Website-backend/pkg/repository/postgres/card.go:89.19,92.3 2 0
github.com/imperatorofdwelling/Website-backend/pkg/repository/postgres/card.go:94.2,95.18 2 0
github.com/imperatorofdwelling/Website-backend/pkg/repository/postgres/card.go:98.96,99.17 1 0
github.com/imperatorofdwelling/Website-backend/pkg/repository/postgres/card.go:99.17,101.3 1 0
github.com/imperatorofdwelling/Website-backend/pkg/repository/postgres/card.go:102.2,103.45 2 0
github.com/imperatorofdwelling/Website-backend/pkg/repository/postgres/card.go:106.54,119.2 4 0
github.com/imperatorofdwelling/Website-backend/pkg/repository/postgres/card.go:121.97,122.31 1 0
github.com/imperatorofdwelling/Website-backend/pkg/repository/postgres/card.go:122.31,124.3 1 0
github.com/imperatorofdwelling/Website-backend/pkg/repository/postgres/card.go:125.2,127.18 2 0
github.com/imperatorofdwelling/Website-backend/pkg/repository/postgres/card.go:127.18,129.3 1 0
github.com/imperatorofdwelling/Website-backend/pkg/repository/postgres/card.go:130.2,131.16 2 0
github.com/imperatorofdwelling/Website-backend/pkg/repository/postgres/card.go:131.16,133.3 1 0
github.com/imperatorofdwelling/Website-backend/pkg/repository/postgres/card.go:136.2,137.21 2 0
github.com/imperatorofdwelling/Website-backend/pkg/repository/postgres/card.go:137.21,139.3 1 0
github.com/imperatorofdwelling/Website-backend/pkg/repository/postgres/card.go:140.2,145.16 3 0
github.com/imperatorofdwelling/Website-backend/pkg/repository/postgres/card.go:145.16,147.3 1 0
github.com/imperatorofdwelling/Website-backend/pkg/repository/postgres/card.go:148.2,148.18 1 0
github.com/imperatorofdwelling/Website-backend/pkg/repository/postgres/card.go:151.48,164.2 4 0
github.com/imperatorofdwelling/Website-backend/pkg/repository/postgres/card.go:166.91,167.31 1 0
github.com/imperatorofdwelling/Website-backend/pkg/repository/postgres/card.go:167.31,169.3 1 0
github.com/imperatorofdwelling/Website-backend/pkg/repository/postgres/card.go:170.2,172.18 2 0
github.com/imperatorofdwelling/Website-backend/pkg/repository/postgres/card.go:172.18,174.3 1 0
github.com/imperatorofdwelling/Website-backend/pkg/repository/postgres/card.go:175.2,176.16 2 0
github.com/imperatorofdwelling/Website-backend/pkg/repository/postgres/card.go:176.16,178.3 1 0
github.com/imperatorofdwelling/Website-backend/pkg/repository/postgres/card.go:180.2,185.16 3 0
github.com/imperatorofdwelling/Website-backend/pkg/repository/postgres/card.go:185.16,187.3 1 0
github.com/imperatorofdwelling/Website-backend/pkg/repository/postgres/card.go:188.2,188.18 1 0
github.com/imperatorofdwelling/Website-backend/pkg/repository/postgres/card.go:191.57,201.2 3 0
github.com/imperatorofdwelling/Website-backend/pkg/repository/postgres/card.go:204.31,205.31 1 0
github.com/imperatorofdwelling/Website-backend/pkg/repository/postgres/card.go:205.31,207.3 1 0
github.com/imperatorofdwelling/Website-backend/pkg/repository/postgres/card.go:208.2,208.62 1 0
github.com/imperatorofdwelling/Website-backend/pkg/repository/postgres/card.go:208.62,210.3 1 0
github.com/imperatorofdwelling/Website-backend/pkg/repository/postgres/card.go:213.2,214.33 2 0
github.com/imperatorofdwelling/Website-backend/pkg/repository/postgres/card.go:214.33,216.3 1 0
github.com/imperatorofdwelling/Website-backend/pkg/repository/postgres/card.go:221.2,223.18 3 0
github.com/imperatorofdwelling/Website-backend/pkg/repository/postgres/card.go:223.18,225.3 1 0
github.com/imperatorofdwelling/Website-backend/pkg/repository/postgres/card.go:226.2,227.16 2 0
github.com/imperatorofdwelling/Website-backend/pkg/repository/postgres/card.go:227.16,229.3 1 0
github.com/imperatorofdwelling/Website-backend/pkg/repository/postgres/card.go:230.2,230.50 1 0
github.com/imperatorofdwelling/Website-backend/pkg/repository/postgres/connector.go:28.47,44.2 7 0
github.com/imperatorofdwelling/Website-backend/pkg/repository/postgres/connector.go:66.51,68.19 1 0
github.com/imperatorofdwelling/Website-backend/pkg/repository/postgres/connector.go:68.19,70.3 1 0
github.com/imperatorofdwelling/Website-backend/pkg/repository/postgres/connector.go:71.2,71.16 1 0
github.com/imperatorofdwelling/Website-backend/pkg/repository/postgres/connector.go:71.16,73.3 1 0
github.com/imperatorofdwelling/Website-backend/pkg/repository/postgres/connector.go:75.2,85.16 4 0
github.com/imperatorofdwelling/Website-backend/pkg/repository/postgres/connector.go:85.16,87.3 1 0
github.com/imperatorofdwelling/Website-backend/pkg/repository/postgres/connector.go:89.2,89.37 1 0
github.com/imperatorofdwelling/Website-backend/pkg/repository/postgres/connector.go:89.37,91.3 1 0
github.com/imperatorofdwelling/Website-backend/pkg/repository/postgres/connector.go:93.2,96.12 2 0
github.com/imperatorofdwelling/Website-backend/pkg/repository/postgres/connector.go:99.34,100.19 1 0
github.com/imperatorofdwelling/Website-backend/pkg/repository/postgres/connector.go:100.19,102.3 1 0
github.com/imperatorofdwelling/Website-backend/pkg/repository/postgres/connector.go:103.2,103.21 1 0
github.com/imperatorofdwelling/Website-backend/pkg/repository/postgres/connector.go:106.25,108.33 2 0
github.com/imperatorofdwelling/Website-backend/pkg/repository/postgres/connector.go:108.33,110.3 1 0
github.com/imperatorofdwelling/Website-backend/pkg/repository/postgres/connector.go:111.2,114.12 4 0
github.com/imperatorofdwelling/Website-backend/pkg/repository/postgres/logs.go:13.75,20.2 1 0
github.com/imperatorofdwelling/Website-backend/pkg/repository/postgres/logs.go:30.53,34.2 1 0
github.com/imperatorofdwelling/Website-backend/pkg/repository/postgres/logs.go:36.55,41.16 5 0
github.com/imperatorofdwelling/Website-backend/pkg/repository/postgres/logs.go:41.16,43.3 1 0
github.com/imperatorofdwelling/Website-backend/pkg/repository/postgres/logs.go:44.2,44.12 1 0
github.com/imperatorofdwelling/Website-backend/internal/metrics/metrics.go:36.54,37.16 1 1
github.com/imperatorofdwelling/Website-backend/internal/metrics/metrics.go:38.27,39.14 1 1
github.com/imperatorofdwelling/Website-backend/internal/metrics/metrics.go:41.2,41.14 1 1
github.com/imperatorofdwelling/Website-backend/internal/metrics/metrics.go:57.13,62.2 1 0
github.com/imperatorofdwelling/Website-backend/internal/metrics/metrics.go:64.68,66.2 1 1
github.com/imperatorofdwelling/Website-backend/internal/webhook/checker.go:17.68,20.2 2 0
github.com/imperatorofdwelling/Website-backend/internal/webhook/checker.go:32.56,34.2 1 1
github.com/imperatorofdwelling/Website-backend/internal/webhook/checker.go:36.75,41.2 1 1
github.com/imperatorofdwelling/Website-backend/internal/webhook/checker.go:49.85,50.44 1 1
github.com/imperatorofdwelling/Website-backend/internal/webhook/checker.go:50.44,52.3 1 1
github.com/imperatorofdwelling/Website-backend/internal/webhook/checker.go:53.2,54.16 2 1
github.com/imperatorofdwelling/Website-backend/internal/webhook/checker.go:54.16,56.3 1 1
github.com/imperatorofdwelling/Website-backend/internal/webhook/checker.go:57.2,58.12 2 1
github.com/imperatorofdwelling/Website-backend/internal/webhook/checker.go:61.48,65.15 4 1
github.com/imperatorofdwelling/Website-backend/internal/webhook/checker.go:65.15,68.38 3 0
github.com/imperatorofdwelling/Website-backend/internal/webhook/checker.go:68.38,69.9 1 0
github.com/imperatorofdwelling/Website-backend/internal/webhook/checker.go:72.2,72.10 1 0
github.com/imperatorofdwelling/Website-backend/internal/webhook/checker.go:75.76,76.14 1 1
github.com/imperatorofdwelling/Website-backend/internal/webhook/checker.go:76.14,78.3 1 1
github.com/imperatorofdwelling/Website-backend/internal/webhook/checker.go:79.2,80.13 2 1
github.com/imperatorofdwelling/Website-backend/internal/webhook/checker.go:80.13,82.3 1 1
github.com/imperatorofdwelling/Website-backend/internal/webhook/checker.go:83.2,83.65 1 1
github.com/imperatorofdwelling/Website-backend/internal/webhook/checker.go:86.67,87.16 1 1
github.com/imperatorofdwelling/Website-backend/internal/webhook/checker.go:87.16,89.3 1 1
github.com/imperatorofdwelling/Website-backend/internal/webhook/checker.go:90.2,90.44 1 1
github.com/imperatorofdwelling/Website-backend/internal/webhook/checker.go:93.70,94.9 1 1
github.com/imperatorofdwelling/Website-backend/internal/webhook/checker.go:95.20,96.9 1 0
github.com/imperatorofdwelling/Website-backend/internal/webhook/checker.go:97.10,99.33 2 1
github.com/imperatorofdwelling/Website-backend/internal/webhook/checker.go:99.33,103.4 3 1
github.com/imperatorofdwelling/Website-backend/internal/webhook/checker.go:104.3,104.12 1 1
github.com/imperatorofdwelling/Website-backend/internal/webhook/checker.go:108.63,110.9 2 1
github.com/imperatorofdwelling/Website-backend/internal/webhook/checker.go:111.20,112.9 1 1
github.com/imperatorofdwelling/Website-backend/internal/webhook/checker.go:113.17,114.9 1 1
github.com/imperatorofdwelling/Website-backend/internal/webhook/checker.go:118.37,123.6 5 1
github.com/imperatorofdwelling/Website-backend/internal/webhook/checker.go:123.6,125.37 2 1
github.com/imperatorofdwelling/Website-backend/internal/webhook/checker.go:125.37,127.4 1 1
github.com/imperatorofdwelling/Website-backend/internal/webhook/checker.go:128.3,129.10 2 1
github.com/imperatorofdwelling/Website-backend/internal/webhook/checker.go:137.90,140.16 3 1
github.com/imperatorofdwelling/Website-backend/internal/webhook/checker.go:140.16,142.3 1 0
github.com/imperatorofdwelling/Website-backend/internal/webhook/checker.go:143.2,146.16 4 1
github.com/imperatorofdwelling/Website-backend/internal/webhook/checker.go:146.16,148.3 1 1
github.com/imperatorofdwelling/Website-backend/internal/webhook/checker.go:149.2,151.16 3 1
github.com/imperatorofdwelling/Website-backend/internal/webhook/checker.go:151.16,153.3 1 1
github.com/imperatorofdwelling/Website-backend/internal/webhook/checker.go:154.2,156.16 3 1
github.com/imperatorofdwelling/Website-backend/internal/webhook/checker.go:156.16,158.3 1 1
github.com/imperatorofdwelling/Website-backend/internal/webhook/checker.go:159.2,159.28 1 1
github.com/imperatorofdwelling/Website-backend/pkg/repository/redis/connector.go:22.46,26.16 4 0
github.com/imperatorofdwelling/Website-backend/pkg/repository/redis/connector.go:26.16,28.3 1 0
github.com/imperatorofdwelling/Website-backend/pkg/repository/redis/connector.go:29.2,33.8 1 0
github.com/imperatorofdwelling/Website-backend/pkg/repository/redis/connector.go:45.40,66.16 7 0
github.com/imperatorofdwelling/Website-backend/pkg/repository/redis/connector.go:66.16,68.3 1 0
github.com/imperatorofdwelling/Website-backend/pkg/repository/redis/connector.go:70.2,70.19 1 0
github.com/imperatorofdwelling/Website-backend/pkg/repository/redis/connector.go:70.19,76.3 1 0
github.com/imperatorofdwelling/Website-backend/pkg/repository/redis/connector.go:78.2,78.22 1 0
github.com/imperatorofdwelling/Website-backend/pkg/repository/redis/connector.go:78.22,82.3 1 0
github.com/imperatorofdwelling/Website-backend/pkg/repository/redis/connector.go:84.2,86.12 2 0
github.com/imperatorofdwelling/Website-backend/pkg/repository/redis/connector.go:89.46,90.24 1 0
github.com/imperatorofdwelling/Website-backend/pkg/repository/redis/connector.go:90.24,92.3 1 0
github.com/imperatorofdwelling/Website-backend/pkg/repository/redis/connector.go:93.2,93.26 1 0
github.com/imperatorofdwelling/Website-backend/pkg/repository/redis/connector.go:96.25,97.24 1 0
github.com/imperatorofdwelling/Website-backend/pkg/repository/redis/connector.go:97.24,99.3 1 0
github.com/imperatorofdwelling/Website-backend/pkg/repository/redis/connector.go:100.2,102.12 3 0
github.com/imperatorofdwelling/Website-backend/pkg/repository/redis/handler.go:24.51,26.2 1 0
github.com/imperatorofdwelling/Website-backend/pkg/repository/redis/handler.go:38.97,39.46 1 0
github.com/imperatorofdwelling/Website-backend/pkg/repository/redis/handler.go:39.46,41.3 1 0
github.com/imperatorofdwelling/Website-backend/pkg/repository/redis/handler.go:43.2,46.12 4 0
github.com/imperatorofdwelling/Website-backend/pkg/repository/redis/handler.go:51.92,52.47 1 0
github.com/imperatorofdwelling/Website-backend/pkg/repository/redis/handler.go:52.47,54.3 1 0
github.com/imperatorofdwelling/Website-backend/pkg/repository/redis/handler.go:56.2,57.16 2 0
github.com/imperatorofdwelling/Website-backend/pkg/repository/redis/handler.go:57.16,59.3 1 0
github.com/imperatorofdwelling/Website-backend/pkg/repository/redis/handler.go:60.2,64.12 5 0
github.com/imperatorofdwelling/Website-backend/pkg/repository/redis/handler.go:71.118,72.47 1 0
github.com/imperatorofdwelling/Website-backend/pkg/repository/redis/handler.go:72.47,74.3 1 0
github.com/imperatorofdwelling/Website-backend/pkg/repository/redis/handler.go:76.2,79.51 3 0
github.com/imperatorofdwelling/Website-backend/pkg/repository/redis/handler.go:79.51,81.17 2 0
github.com/imperatorofdwelling/Website-backend/pkg/repository/redis/handler.go:81.17,83.4 1 0
github.com/imperatorofdwelling/Website-backend/pkg/repository/redis/handler.go:84.3,85.13 2 0
github.com/imperatorofdwelling/Website-backend/pkg/repository/redis/handler.go:87.2,87.39 1 0
github.com/imperatorofdwelling/Website-backend/pkg/repository/redis/handler.go:87.39,89.3 1 0
github.com/imperatorofdwelling/Website-backend/pkg/repository/redis/handler.go:91.2,91.45 1 0
github.com/imperatorofdwelling/Website-backend/pkg/repository/redis/handler.go:91.45,93.3 1 0
github.com/imperatorofdwelling/Website-backend/pkg/repository/redis/handler.go:94.2,94.26 1 0
github.com/imperatorofdwelling/Website-backend/pkg/repository/redis/handler.go:97.73,100.2 2 0
github.com/imperatorofdwelling/Website-backend/pkg/repository/redis/handler.go:104.57,104.104 1 0
